<?xml version="1.0" encoding="UTF-8"?>
<!-- Generated by org.testng.reporters.JUnitXMLReporter -->
<testsuite hostname="EPBYBREW0172" name="Negative and positive numbers test" tests="8" failures="0" timestamp="11 Dec 2015 09:36:04 GMT" time="2.006" errors="0">
  <testcase name="checkValueNegative" time="1.0" classname="com.epam.tat.module4.test.PositiveNegativeTest"/>
  <testcase name="checkValueNegative" time="1.0" classname="com.epam.tat.module4.test.PositiveNegativeTest"/>
  <testcase name="checkValueNegative" time="1.0" classname="com.epam.tat.module4.test.PositiveNegativeTest"/>
  <testcase name="checkValueNegative" time="1.0" classname="com.epam.tat.module4.test.PositiveNegativeTest"/>
  <testcase name="checkValuePositive" time="1.0" classname="com.epam.tat.module4.test.PositiveNegativeTest"/>
  <testcase name="checkValuePositive" time="1.0" classname="com.epam.tat.module4.test.PositiveNegativeTest"/>
  <testcase name="checkValuePositive" time="1.0" classname="com.epam.tat.module4.test.PositiveNegativeTest"/>
  <testcase name="checkValuePositive" time="1.0" classname="com.epam.tat.module4.test.PositiveNegativeTest"/>
</testsuite> <!-- Negative and positive numbers test -->
