<?xml version="1.0" encoding="UTF-8"?>
<!-- Generated by org.testng.reporters.JUnitXMLReporter -->
<testsuite hostname="EPBYBREW0172" name="Negative and positive numbers tests" tests="12" failures="0" timestamp="11 Dec 2015 09:36:01 GMT" time="12.14" errors="0">
  <testcase name="checkValueNegative" time="1.001" classname="com.epam.tat.module4.test.PositiveNegativeTest"/>
  <testcase name="checkValueNegative" time="1.136" classname="com.epam.tat.module4.test.PositiveNegativeTest"/>
  <testcase name="checkValueNegative" time="1.0" classname="com.epam.tat.module4.test.PositiveNegativeTest"/>
  <testcase name="checkValueNegative" time="1.0" classname="com.epam.tat.module4.test.PositiveNegativeTest"/>
  <testcase name="checkValueNegative" time="1.001" classname="com.epam.tat.module4.test.PositiveNegativeTest"/>
  <testcase name="checkValueNegative" time="1.0" classname="com.epam.tat.module4.test.PositiveNegativeTest"/>
  <testcase name="checkValuePositive" time="1.0" classname="com.epam.tat.module4.test.PositiveNegativeTest"/>
  <testcase name="checkValuePositive" time="1.0" classname="com.epam.tat.module4.test.PositiveNegativeTest"/>
  <testcase name="checkValuePositive" time="1.0" classname="com.epam.tat.module4.test.PositiveNegativeTest"/>
  <testcase name="checkValuePositive" time="1.0" classname="com.epam.tat.module4.test.PositiveNegativeTest"/>
  <testcase name="checkValuePositive" time="1.0" classname="com.epam.tat.module4.test.PositiveNegativeTest"/>
  <testcase name="checkValuePositive" time="1.0" classname="com.epam.tat.module4.test.PositiveNegativeTest"/>
</testsuite> <!-- Negative and positive numbers tests -->
