<?xml version="1.0" encoding="UTF-8"?>
<!-- Generated by org.testng.reporters.JUnitXMLReporter -->
<testsuite hostname="EPBYBREW0172" name="Sum and sub test" tests="4" failures="0" timestamp="11 Dec 2015 09:35:49 GMT" time="0.017" errors="0">
  <testcase name="oneValueMinusAnother" time="0.002" classname="com.epam.tat.module4.test.SumAndSubCalculatorTest"/>
  <testcase name="oneValueMinusAnother" time="0.0" classname="com.epam.tat.module4.test.SumAndSubCalculatorTest"/>
  <testcase name="oneValueMinusAnother" time="0.0" classname="com.epam.tat.module4.test.SumAndSubCalculatorTest"/>
  <testcase name="oneValueMinusAnother" time="0.0" classname="com.epam.tat.module4.test.SumAndSubCalculatorTest"/>
</testsuite> <!-- Sum and sub test -->
