<?xml version="1.0" encoding="UTF-8"?>
<testng-results skipped="0" failed="0" total="26" passed="26">
  <reporter-output>
  </reporter-output>
  <suite name="TmpSuite" duration-ms="0" started-at="2015-12-11T09:36:04Z" finished-at="2015-12-11T09:36:04Z">
    <groups>
    </groups>
  </suite> <!-- TmpSuite -->
  <suite name="Calculator" duration-ms="12193" started-at="2015-12-11T09:35:49Z" finished-at="2015-12-11T09:36:01Z">
    <groups>
      <group name="sub">
        <method signature="SumAndSubCalculatorTest.oneValueMinusAnother(long, long, long)[pri:0, instance:com.epam.tat.module4.test.SumAndSubCalculatorTest@376243b5]" name="oneValueMinusAnother" class="com.epam.tat.module4.test.SumAndSubCalculatorTest"/>
      </group> <!-- sub -->
    </groups>
    <test name="Sum and sub test" duration-ms="17" started-at="2015-12-11T09:35:49Z" finished-at="2015-12-11T09:35:49Z">
      <class name="com.epam.tat.module4.test.SumAndSubCalculatorTest">
        <test-method status="PASS" signature="setUp()[pri:0, instance:com.epam.tat.module4.test.SumAndSubCalculatorTest@376243b5]" name="setUp" is-config="true" duration-ms="6" started-at="2015-12-11T12:35:49Z" finished-at="2015-12-11T12:35:49Z">
          <reporter-output>
          </reporter-output>
        </test-method> <!-- setUp -->
        <test-method status="PASS" signature="oneValueMinusAnother(long, long, long)[pri:0, instance:com.epam.tat.module4.test.SumAndSubCalculatorTest@376243b5]" name="oneValueMinusAnother" duration-ms="2" started-at="2015-12-11T12:35:49Z" data-provider="subDp" finished-at="2015-12-11T12:35:49Z">
          <params>
            <param index="0">
              <value>
                <![CDATA[20]]>
              </value>
            </param>
            <param index="1">
              <value>
                <![CDATA[15]]>
              </value>
            </param>
            <param index="2">
              <value>
                <![CDATA[5]]>
              </value>
            </param>
          </params>
          <reporter-output>
          </reporter-output>
        </test-method> <!-- oneValueMinusAnother -->
        <test-method status="PASS" signature="oneValueMinusAnother(long, long, long)[pri:0, instance:com.epam.tat.module4.test.SumAndSubCalculatorTest@376243b5]" name="oneValueMinusAnother" duration-ms="0" started-at="2015-12-11T12:35:49Z" data-provider="subDp" finished-at="2015-12-11T12:35:49Z">
          <params>
            <param index="0">
              <value>
                <![CDATA[9]]>
              </value>
            </param>
            <param index="1">
              <value>
                <![CDATA[6]]>
              </value>
            </param>
            <param index="2">
              <value>
                <![CDATA[3]]>
              </value>
            </param>
          </params>
          <reporter-output>
          </reporter-output>
        </test-method> <!-- oneValueMinusAnother -->
        <test-method status="PASS" signature="oneValueMinusAnother(long, long, long)[pri:0, instance:com.epam.tat.module4.test.SumAndSubCalculatorTest@376243b5]" name="oneValueMinusAnother" duration-ms="0" started-at="2015-12-11T12:35:49Z" data-provider="subDp" finished-at="2015-12-11T12:35:49Z">
          <params>
            <param index="0">
              <value>
                <![CDATA[1]]>
              </value>
            </param>
            <param index="1">
              <value>
                <![CDATA[-10]]>
              </value>
            </param>
            <param index="2">
              <value>
                <![CDATA[11]]>
              </value>
            </param>
          </params>
          <reporter-output>
          </reporter-output>
        </test-method> <!-- oneValueMinusAnother -->
        <test-method status="PASS" signature="oneValueMinusAnother(long, long, long)[pri:0, instance:com.epam.tat.module4.test.SumAndSubCalculatorTest@376243b5]" name="oneValueMinusAnother" duration-ms="0" started-at="2015-12-11T12:35:49Z" data-provider="subDp" finished-at="2015-12-11T12:35:49Z">
          <params>
            <param index="0">
              <value>
                <![CDATA[0]]>
              </value>
            </param>
            <param index="1">
              <value>
                <![CDATA[0]]>
              </value>
            </param>
            <param index="2">
              <value>
                <![CDATA[0]]>
              </value>
            </param>
          </params>
          <reporter-output>
          </reporter-output>
        </test-method> <!-- oneValueMinusAnother -->
      </class> <!-- com.epam.tat.module4.test.SumAndSubCalculatorTest -->
    </test> <!-- Sum and sub test -->
    <test name="Negative and positive numbers tests" duration-ms="12140" started-at="2015-12-11T09:35:49Z" finished-at="2015-12-11T09:36:01Z">
      <class name="com.epam.tat.module4.test.PositiveNegativeTest">
        <test-method status="PASS" signature="setUp()[pri:0, instance:com.epam.tat.module4.test.PositiveNegativeTest@7b01e0b5]" name="setUp" is-config="true" duration-ms="0" started-at="2015-12-11T12:35:49Z" finished-at="2015-12-11T12:35:49Z">
          <reporter-output>
          </reporter-output>
        </test-method> <!-- setUp -->
        <test-method status="PASS" signature="checkValueNegative()[pri:0, instance:com.epam.tat.module4.test.PositiveNegativeTest@191ad846]" name="checkValueNegative" duration-ms="1001" started-at="2015-12-11T12:35:49Z" finished-at="2015-12-11T12:35:50Z">
          <reporter-output>
          </reporter-output>
        </test-method> <!-- checkValueNegative -->
        <test-method status="PASS" signature="checkValueNegative()[pri:0, instance:com.epam.tat.module4.test.PositiveNegativeTest@316ce88a]" name="checkValueNegative" duration-ms="1136" started-at="2015-12-11T12:35:50Z" finished-at="2015-12-11T12:35:51Z">
          <reporter-output>
          </reporter-output>
        </test-method> <!-- checkValueNegative -->
        <test-method status="PASS" signature="setUp()[pri:0, instance:com.epam.tat.module4.test.PositiveNegativeTest@7b01e0b5]" name="setUp" is-config="true" duration-ms="0" started-at="2015-12-11T12:35:50Z" finished-at="2015-12-11T12:35:50Z">
          <reporter-output>
          </reporter-output>
        </test-method> <!-- setUp -->
        <test-method status="PASS" signature="setUp()[pri:0, instance:com.epam.tat.module4.test.PositiveNegativeTest@7b01e0b5]" name="setUp" is-config="true" duration-ms="0" started-at="2015-12-11T12:35:51Z" finished-at="2015-12-11T12:35:51Z">
          <reporter-output>
          </reporter-output>
        </test-method> <!-- setUp -->
        <test-method status="PASS" signature="checkValueNegative()[pri:0, instance:com.epam.tat.module4.test.PositiveNegativeTest@318c6fd4]" name="checkValueNegative" duration-ms="1000" started-at="2015-12-11T12:35:51Z" finished-at="2015-12-11T12:35:52Z">
          <reporter-output>
          </reporter-output>
        </test-method> <!-- checkValueNegative -->
        <test-method status="PASS" signature="checkValueNegative()[pri:0, instance:com.epam.tat.module4.test.PositiveNegativeTest@3e1283d2]" name="checkValueNegative" duration-ms="1000" started-at="2015-12-11T12:35:52Z" finished-at="2015-12-11T12:35:53Z">
          <reporter-output>
          </reporter-output>
        </test-method> <!-- checkValueNegative -->
        <test-method status="PASS" signature="setUp()[pri:0, instance:com.epam.tat.module4.test.PositiveNegativeTest@7b01e0b5]" name="setUp" is-config="true" duration-ms="0" started-at="2015-12-11T12:35:52Z" finished-at="2015-12-11T12:35:52Z">
          <reporter-output>
          </reporter-output>
        </test-method> <!-- setUp -->
        <test-method status="PASS" signature="setUp()[pri:0, instance:com.epam.tat.module4.test.PositiveNegativeTest@7b01e0b5]" name="setUp" is-config="true" duration-ms="0" started-at="2015-12-11T12:35:53Z" finished-at="2015-12-11T12:35:53Z">
          <reporter-output>
          </reporter-output>
        </test-method> <!-- setUp -->
        <test-method status="PASS" signature="checkValueNegative()[pri:0, instance:com.epam.tat.module4.test.PositiveNegativeTest@6516d55f]" name="checkValueNegative" duration-ms="1001" started-at="2015-12-11T12:35:53Z" finished-at="2015-12-11T12:35:54Z">
          <reporter-output>
          </reporter-output>
        </test-method> <!-- checkValueNegative -->
        <test-method status="PASS" signature="setUp()[pri:0, instance:com.epam.tat.module4.test.PositiveNegativeTest@7b01e0b5]" name="setUp" is-config="true" duration-ms="0" started-at="2015-12-11T12:35:54Z" finished-at="2015-12-11T12:35:54Z">
          <reporter-output>
          </reporter-output>
        </test-method> <!-- setUp -->
        <test-method status="PASS" signature="checkValueNegative()[pri:0, instance:com.epam.tat.module4.test.PositiveNegativeTest@7b01e0b5]" name="checkValueNegative" duration-ms="1000" started-at="2015-12-11T12:35:54Z" finished-at="2015-12-11T12:35:55Z">
          <reporter-output>
          </reporter-output>
        </test-method> <!-- checkValueNegative -->
        <test-method status="PASS" signature="checkValuePositive()[pri:0, instance:com.epam.tat.module4.test.PositiveNegativeTest@191ad846]" name="checkValuePositive" duration-ms="1000" started-at="2015-12-11T12:35:55Z" finished-at="2015-12-11T12:35:56Z">
          <reporter-output>
          </reporter-output>
        </test-method> <!-- checkValuePositive -->
        <test-method status="PASS" signature="checkValuePositive()[pri:0, instance:com.epam.tat.module4.test.PositiveNegativeTest@316ce88a]" name="checkValuePositive" duration-ms="1000" started-at="2015-12-11T12:35:56Z" finished-at="2015-12-11T12:35:57Z">
          <reporter-output>
          </reporter-output>
        </test-method> <!-- checkValuePositive -->
        <test-method status="PASS" signature="checkValuePositive()[pri:0, instance:com.epam.tat.module4.test.PositiveNegativeTest@318c6fd4]" name="checkValuePositive" duration-ms="1000" started-at="2015-12-11T12:35:57Z" finished-at="2015-12-11T12:35:58Z">
          <reporter-output>
          </reporter-output>
        </test-method> <!-- checkValuePositive -->
        <test-method status="PASS" signature="checkValuePositive()[pri:0, instance:com.epam.tat.module4.test.PositiveNegativeTest@3e1283d2]" name="checkValuePositive" duration-ms="1000" started-at="2015-12-11T12:35:58Z" finished-at="2015-12-11T12:35:59Z">
          <reporter-output>
          </reporter-output>
        </test-method> <!-- checkValuePositive -->
        <test-method status="PASS" signature="checkValuePositive()[pri:0, instance:com.epam.tat.module4.test.PositiveNegativeTest@6516d55f]" name="checkValuePositive" duration-ms="1000" started-at="2015-12-11T12:35:59Z" finished-at="2015-12-11T12:36:00Z">
          <reporter-output>
          </reporter-output>
        </test-method> <!-- checkValuePositive -->
        <test-method status="PASS" signature="checkValuePositive()[pri:0, instance:com.epam.tat.module4.test.PositiveNegativeTest@7b01e0b5]" name="checkValuePositive" duration-ms="1000" started-at="2015-12-11T12:36:00Z" finished-at="2015-12-11T12:36:01Z">
          <reporter-output>
          </reporter-output>
        </test-method> <!-- checkValuePositive -->
      </class> <!-- com.epam.tat.module4.test.PositiveNegativeTest -->
    </test> <!-- Negative and positive numbers tests -->
    <test name="Trigonometry" duration-ms="1" started-at="2015-12-11T09:36:01Z" finished-at="2015-12-11T09:36:01Z">
      <class name="com.epam.tat.module4.test.TrigonometryTest">
        <test-method status="PASS" signature="setUp()[pri:0, instance:com.epam.tat.module4.test.TrigonometryTest@7b8c6c98]" name="setUp" is-config="true" duration-ms="0" started-at="2015-12-11T12:36:01Z" finished-at="2015-12-11T12:36:01Z">
          <reporter-output>
          </reporter-output>
        </test-method> <!-- setUp -->
        <test-method status="PASS" signature="sin0()[pri:3, instance:com.epam.tat.module4.test.TrigonometryTest@7b8c6c98]" name="sin0" duration-ms="0" started-at="2015-12-11T12:36:01Z" finished-at="2015-12-11T12:36:01Z">
          <reporter-output>
          </reporter-output>
        </test-method> <!-- sin0 -->
        <test-method status="PASS" signature="sin45()[pri:2, instance:com.epam.tat.module4.test.TrigonometryTest@7b8c6c98]" name="sin45" duration-ms="0" started-at="2015-12-11T12:36:01Z" finished-at="2015-12-11T12:36:01Z">
          <reporter-output>
          </reporter-output>
        </test-method> <!-- sin45 -->
      </class> <!-- com.epam.tat.module4.test.TrigonometryTest -->
    </test> <!-- Trigonometry -->
  </suite> <!-- Calculator -->
  <suite name="Caculator" duration-ms="2006" started-at="2015-12-11T09:36:01Z" finished-at="2015-12-11T09:36:03Z">
    <groups>
    </groups>
    <test name="Negative and positive numbers test" duration-ms="2006" started-at="2015-12-11T09:36:01Z" finished-at="2015-12-11T09:36:03Z">
      <class name="com.epam.tat.module4.test.PositiveNegativeTest">
        <test-method status="PASS" signature="setUp()[pri:0, instance:com.epam.tat.module4.test.PositiveNegativeTest@15e566f3]" name="setUp" is-config="true" duration-ms="1" started-at="2015-12-11T12:36:01Z" finished-at="2015-12-11T12:36:01Z">
          <reporter-output>
          </reporter-output>
        </test-method> <!-- setUp -->
        <test-method status="PASS" signature="checkValueNegative()[pri:0, instance:com.epam.tat.module4.test.PositiveNegativeTest@15e566f3]" name="checkValueNegative" duration-ms="1000" started-at="2015-12-11T12:36:01Z" finished-at="2015-12-11T12:36:02Z">
          <reporter-output>
          </reporter-output>
        </test-method> <!-- checkValueNegative -->
        <test-method status="PASS" signature="setUp()[pri:0, instance:com.epam.tat.module4.test.PositiveNegativeTest@15e566f3]" name="setUp" is-config="true" duration-ms="0" started-at="2015-12-11T12:36:01Z" finished-at="2015-12-11T12:36:01Z">
          <reporter-output>
          </reporter-output>
        </test-method> <!-- setUp -->
        <test-method status="PASS" signature="checkValueNegative()[pri:0, instance:com.epam.tat.module4.test.PositiveNegativeTest@60cb9c42]" name="checkValueNegative" duration-ms="1000" started-at="2015-12-11T12:36:01Z" finished-at="2015-12-11T12:36:02Z">
          <reporter-output>
          </reporter-output>
        </test-method> <!-- checkValueNegative -->
        <test-method status="PASS" signature="setUp()[pri:0, instance:com.epam.tat.module4.test.PositiveNegativeTest@15e566f3]" name="setUp" is-config="true" duration-ms="0" started-at="2015-12-11T12:36:01Z" finished-at="2015-12-11T12:36:01Z">
          <reporter-output>
          </reporter-output>
        </test-method> <!-- setUp -->
        <test-method status="PASS" signature="checkValueNegative()[pri:0, instance:com.epam.tat.module4.test.PositiveNegativeTest@cfc82a6]" name="checkValueNegative" duration-ms="1000" started-at="2015-12-11T12:36:01Z" finished-at="2015-12-11T12:36:02Z">
          <reporter-output>
          </reporter-output>
        </test-method> <!-- checkValueNegative -->
        <test-method status="PASS" signature="checkValueNegative()[pri:0, instance:com.epam.tat.module4.test.PositiveNegativeTest@577fe2b3]" name="checkValueNegative" duration-ms="1000" started-at="2015-12-11T12:36:01Z" finished-at="2015-12-11T12:36:02Z">
          <reporter-output>
          </reporter-output>
        </test-method> <!-- checkValueNegative -->
        <test-method status="PASS" signature="setUp()[pri:0, instance:com.epam.tat.module4.test.PositiveNegativeTest@15e566f3]" name="setUp" is-config="true" duration-ms="0" started-at="2015-12-11T12:36:01Z" finished-at="2015-12-11T12:36:01Z">
          <reporter-output>
          </reporter-output>
        </test-method> <!-- setUp -->
        <test-method status="PASS" signature="checkValuePositive()[pri:0, instance:com.epam.tat.module4.test.PositiveNegativeTest@15e566f3]" name="checkValuePositive" duration-ms="1000" started-at="2015-12-11T12:36:02Z" finished-at="2015-12-11T12:36:03Z">
          <reporter-output>
          </reporter-output>
        </test-method> <!-- checkValuePositive -->
        <test-method status="PASS" signature="checkValuePositive()[pri:0, instance:com.epam.tat.module4.test.PositiveNegativeTest@60cb9c42]" name="checkValuePositive" duration-ms="1000" started-at="2015-12-11T12:36:02Z" finished-at="2015-12-11T12:36:03Z">
          <reporter-output>
          </reporter-output>
        </test-method> <!-- checkValuePositive -->
        <test-method status="PASS" signature="checkValuePositive()[pri:0, instance:com.epam.tat.module4.test.PositiveNegativeTest@cfc82a6]" name="checkValuePositive" duration-ms="1000" started-at="2015-12-11T12:36:02Z" finished-at="2015-12-11T12:36:03Z">
          <reporter-output>
          </reporter-output>
        </test-method> <!-- checkValuePositive -->
        <test-method status="PASS" signature="checkValuePositive()[pri:0, instance:com.epam.tat.module4.test.PositiveNegativeTest@577fe2b3]" name="checkValuePositive" duration-ms="1000" started-at="2015-12-11T12:36:02Z" finished-at="2015-12-11T12:36:03Z">
          <reporter-output>
          </reporter-output>
        </test-method> <!-- checkValuePositive -->
      </class> <!-- com.epam.tat.module4.test.PositiveNegativeTest -->
    </test> <!-- Negative and positive numbers test -->
  </suite> <!-- Caculator -->
</testng-results>
